2023-05-15 21:05:310 INFO  HomePage :59 - Mouse hover on desktops link and click
2023-05-16 23:05:274 INFO  HomePage :75 - Mouse hover on “Desktops” Tab and click [[ChromeDriver: chrome on WINDOWS (b7599f1f7668f43d1cad8db6eacda34e)] -> link text: Desktops]
2023-05-16 23:05:738 INFO  HomePage :94 - Click on Show All Desktop tab [[ChromeDriver: chrome on WINDOWS (b7599f1f7668f43d1cad8db6eacda34e)] -> xpath: //a[normalize-space()='Show AllDesktops']]
2023-05-16 23:05:856 INFO  DesktopPage :46 - Click on sort by position [[ChromeDriver: chrome on WINDOWS (b7599f1f7668f43d1cad8db6eacda34e)] -> id: input-sort]
2023-05-16 23:05:777 INFO  DesktopPage :75 - Select option product sorted by Name (Z - A)from sort by options [[ChromeDriver: chrome on WINDOWS (b7599f1f7668f43d1cad8db6eacda34e)] -> id: input-sort]
2023-05-16 23:05:37 INFO  HomePage :75 - Mouse hover on “Desktops” Tab and click [[ChromeDriver: chrome on WINDOWS (8f6ac28ba82e79e95fab51fe8c31d576)] -> link text: Desktops]
2023-05-16 23:05:435 INFO  HomePage :94 - Click on Show All Desktop tab [[ChromeDriver: chrome on WINDOWS (8f6ac28ba82e79e95fab51fe8c31d576)] -> xpath: //a[normalize-space()='Show AllDesktops']]
2023-05-16 23:05:498 INFO  HomePage :106 - Clicking on Currency on top of page [[ChromeDriver: chrome on WINDOWS (8f6ac28ba82e79e95fab51fe8c31d576)] -> xpath: //span[normalize-space()='Currency']]
2023-05-16 23:05:147 INFO  HomePage :114 - Select £Pound Sterling from currency drop down list [[[ChromeDriver: chrome on WINDOWS (8f6ac28ba82e79e95fab51fe8c31d576)] -> xpath: //ul[@class = 'dropdown-menu']/li], [[ChromeDriver: chrome on WINDOWS (8f6ac28ba82e79e95fab51fe8c31d576)] -> xpath: //ul[@class = 'dropdown-menu']/li], [[ChromeDriver: chrome on WINDOWS (8f6ac28ba82e79e95fab51fe8c31d576)] -> xpath: //ul[@class = 'dropdown-menu']/li]]
2023-05-16 23:05:780 INFO  DesktopPage :75 - Select option product sorted by Name (A - Z)from sort by options [[ChromeDriver: chrome on WINDOWS (8f6ac28ba82e79e95fab51fe8c31d576)] -> id: input-sort]
2023-05-16 23:05:531 INFO  DesktopPage :80 - Clicking on HP LP3065 [[ChromeDriver: chrome on WINDOWS (8f6ac28ba82e79e95fab51fe8c31d576)] -> xpath: //a[contains(text(),'HP LP3065')]]
2023-05-16 23:05:549 INFO  ProductPage :53 - Verify the Text "HP LP3065" [[ChromeDriver: chrome on WINDOWS (8f6ac28ba82e79e95fab51fe8c31d576)] -> xpath: //a[contains(text(),'HP LP3065')]]
2023-05-16 23:05:630 INFO  ProductPage :59 - Select 2022November30 to date field [[ChromeDriver: chrome on WINDOWS (8f6ac28ba82e79e95fab51fe8c31d576)] -> xpath: //div[@class = 'input-group date']//button]
2023-05-16 23:05:453 INFO  ProductPage :83 - Enter Qty 1 to quantity field [[ChromeDriver: chrome on WINDOWS (8f6ac28ba82e79e95fab51fe8c31d576)] -> xpath: //input[@id='input-quantity']]
2023-05-16 23:05:183 INFO  ProductPage :88 - Clicking on Login Button [[ChromeDriver: chrome on WINDOWS (8f6ac28ba82e79e95fab51fe8c31d576)] -> xpath: //button[@id='button-cart']]
2023-05-16 23:05:736 INFO  ProductPage :92 - Verify the Message “Success: You have added HP LP3065 to your shopping cart!” [[ChromeDriver: chrome on WINDOWS (8f6ac28ba82e79e95fab51fe8c31d576)] -> xpath: //div[@class='alert alert-success alert-dismissible']]
2023-05-16 23:05:777 INFO  ProductPage :98 - Click on link “shopping cart” display into success message [[ChromeDriver: chrome on WINDOWS (8f6ac28ba82e79e95fab51fe8c31d576)] -> xpath: //a[contains(text(),'shopping cart')]]
2023-05-16 23:05:795 INFO  ShoppingCartPage :48 -  Verify the text Shopping Cart [[ChromeDriver: chrome on WINDOWS (8f6ac28ba82e79e95fab51fe8c31d576)] -> xpath: //div[@id='content']//h1]
2023-05-16 23:05:832 INFO  ShoppingCartPage :53 - Verify the Product name HP LP3065 [[ChromeDriver: chrome on WINDOWS (8f6ac28ba82e79e95fab51fe8c31d576)] -> xpath: //div[@class = 'table-responsive']/table/tbody/tr/td[2]/a]
2023-05-16 23:05:852 INFO  ShoppingCartPage :58 - Verify the Delivery Date 2022-11-30 [[ChromeDriver: chrome on WINDOWS (8f6ac28ba82e79e95fab51fe8c31d576)] -> xpath: //div[@class = 'table-responsive']/table/tbody/tr/td[2]/small[1]]
2023-05-16 23:05:870 INFO  ShoppingCartPage :63 - Verify the Model Product21 [[ChromeDriver: chrome on WINDOWS (8f6ac28ba82e79e95fab51fe8c31d576)] -> xpath: //div[@class = 'table-responsive']/table/tbody/tr/td[3]]
2023-05-16 23:05:890 INFO  ShoppingCartPage :68 - Verify the Total £74.73 [[ChromeDriver: chrome on WINDOWS (8f6ac28ba82e79e95fab51fe8c31d576)] -> xpath: //div[@class = 'table-responsive']/table/tbody/tr/td[6]]
2023-05-16 23:05:88 INFO  HomePage :81 - Mouse hover on “Laptops & Notebooks” Tab and click [[ChromeDriver: chrome on WINDOWS (d80fb6fb813d94f7cadc881a11ce29bb)] -> link text: Laptops & Notebooks]
2023-05-16 23:05:471 INFO  HomePage :100 - Click on Show All LaptopAndNotebook Tab [[ChromeDriver: chrome on WINDOWS (d80fb6fb813d94f7cadc881a11ce29bb)] -> xpath: //a[normalize-space()='Show AllLaptops & Notebooks']]
2023-05-16 23:05:561 INFO  DesktopPage :46 - Click on sort by position [[ChromeDriver: chrome on WINDOWS (d80fb6fb813d94f7cadc881a11ce29bb)] -> id: input-sort]
2023-05-16 23:05:996 INFO  DesktopPage :75 - Select option product sorted by Price (High > Low)from sort by options [[ChromeDriver: chrome on WINDOWS (d80fb6fb813d94f7cadc881a11ce29bb)] -> id: input-sort]
2023-05-16 23:05:70 INFO  LaptopAndNotebookPage :64 - Verify Product sorted  price High to low [[[ChromeDriver: chrome on WINDOWS (d80fb6fb813d94f7cadc881a11ce29bb)] -> xpath: //p[@class ='price']], [[ChromeDriver: chrome on WINDOWS (d80fb6fb813d94f7cadc881a11ce29bb)] -> xpath: //p[@class ='price']], [[ChromeDriver: chrome on WINDOWS (d80fb6fb813d94f7cadc881a11ce29bb)] -> xpath: //p[@class ='price']], [[ChromeDriver: chrome on WINDOWS (d80fb6fb813d94f7cadc881a11ce29bb)] -> xpath: //p[@class ='price']], [[ChromeDriver: chrome on WINDOWS (d80fb6fb813d94f7cadc881a11ce29bb)] -> xpath: //p[@class ='price']]]
2023-05-16 23:05:124 INFO  LaptopAndNotebookPage :64 - Verify Product sorted  price High to low [[[ChromeDriver: chrome on WINDOWS (d80fb6fb813d94f7cadc881a11ce29bb)] -> xpath: //p[@class ='price']], [[ChromeDriver: chrome on WINDOWS (d80fb6fb813d94f7cadc881a11ce29bb)] -> xpath: //p[@class ='price']], [[ChromeDriver: chrome on WINDOWS (d80fb6fb813d94f7cadc881a11ce29bb)] -> xpath: //p[@class ='price']], [[ChromeDriver: chrome on WINDOWS (d80fb6fb813d94f7cadc881a11ce29bb)] -> xpath: //p[@class ='price']], [[ChromeDriver: chrome on WINDOWS (d80fb6fb813d94f7cadc881a11ce29bb)] -> xpath: //p[@class ='price']]]
2023-05-16 23:05:818 INFO  HomePage :81 - Mouse hover on “Laptops & Notebooks” Tab and click [[ChromeDriver: chrome on WINDOWS (0fa6fa7508dbe497623527a779572cdf)] -> link text: Laptops & Notebooks]
2023-05-16 23:05:191 INFO  HomePage :100 - Click on Show All LaptopAndNotebook Tab [[ChromeDriver: chrome on WINDOWS (0fa6fa7508dbe497623527a779572cdf)] -> xpath: //a[normalize-space()='Show AllLaptops & Notebooks']]
2023-05-16 23:05:258 INFO  HomePage :106 - Clicking on Currency on top of page [[ChromeDriver: chrome on WINDOWS (0fa6fa7508dbe497623527a779572cdf)] -> xpath: //span[normalize-space()='Currency']]
2023-05-16 23:05:815 INFO  HomePage :114 - Select £Pound Sterling from currency drop down list [[[ChromeDriver: chrome on WINDOWS (0fa6fa7508dbe497623527a779572cdf)] -> xpath: //ul[@class = 'dropdown-menu']/li], [[ChromeDriver: chrome on WINDOWS (0fa6fa7508dbe497623527a779572cdf)] -> xpath: //ul[@class = 'dropdown-menu']/li], [[ChromeDriver: chrome on WINDOWS (0fa6fa7508dbe497623527a779572cdf)] -> xpath: //ul[@class = 'dropdown-menu']/li]]
2023-05-16 23:05:232 INFO  DesktopPage :75 - Select option product sorted by Price (High > Low)from sort by options [[ChromeDriver: chrome on WINDOWS (0fa6fa7508dbe497623527a779572cdf)] -> id: input-sort]
2023-05-16 23:05:791 INFO  LaptopAndNotebookPage :81 - Select Macbook[[ChromeDriver: chrome on WINDOWS (0fa6fa7508dbe497623527a779572cdf)] -> link text: MacBook]
2023-05-16 23:05:814 INFO  ProductPage :102 - Verify text MacBook [[ChromeDriver: chrome on WINDOWS (0fa6fa7508dbe497623527a779572cdf)] -> xpath: //h1[contains(text(),'MacBook')]]
2023-05-16 23:05:526 INFO  ProductPage :88 - Clicking on Login Button [[ChromeDriver: chrome on WINDOWS (0fa6fa7508dbe497623527a779572cdf)] -> xpath: //button[@id='button-cart']]
2023-05-16 23:05:50 INFO  ProductPage :92 - Verify the Message “Success: You have added HP LP3065 to your shopping cart!” [[ChromeDriver: chrome on WINDOWS (0fa6fa7508dbe497623527a779572cdf)] -> xpath: //div[@class='alert alert-success alert-dismissible']]
2023-05-16 23:05:77 INFO  ProductPage :98 - Click on link “shopping cart” display into success message [[ChromeDriver: chrome on WINDOWS (0fa6fa7508dbe497623527a779572cdf)] -> xpath: //a[contains(text(),'shopping cart')]]
2023-05-16 23:05:100 INFO  ShoppingCartPage :48 -  Verify the text Shopping Cart [[ChromeDriver: chrome on WINDOWS (0fa6fa7508dbe497623527a779572cdf)] -> xpath: //div[@id='content']//h1]
2023-05-16 23:05:140 INFO  ShoppingCartPage :53 - Verify the Product name HP LP3065 [[ChromeDriver: chrome on WINDOWS (0fa6fa7508dbe497623527a779572cdf)] -> xpath: //div[@class = 'table-responsive']/table/tbody/tr/td[2]/a]
2023-05-16 23:05:268 INFO  ShoppingCartPage :75 - Change Quantity 2 to quantity field [[ChromeDriver: chrome on WINDOWS (0fa6fa7508dbe497623527a779572cdf)] -> xpath: //div[@class='input-group btn-block']/input[@type='text']]
2023-05-16 23:05:789 INFO  ShoppingCartPage :80 -  Click on “Update” Tab [[ChromeDriver: chrome on WINDOWS (0fa6fa7508dbe497623527a779572cdf)] -> xpath: //i[@class = 'fa fa-refresh']]
2023-05-16 23:05:811 INFO  ShoppingCartPage :84 - Getting welcome back text [[ChromeDriver: chrome on WINDOWS (0fa6fa7508dbe497623527a779572cdf)] -> xpath: //div[@id='checkout-cart']/div[1]]
2023-05-16 23:05:843 INFO  ShoppingCartPage :68 - Verify the Total £74.73 [[ChromeDriver: chrome on WINDOWS (0fa6fa7508dbe497623527a779572cdf)] -> xpath: //div[@class = 'table-responsive']/table/tbody/tr/td[6]]
2023-05-16 23:05:166 INFO  ShoppingCartPage :90 - Click on “Checkout” button [[ChromeDriver: chrome on WINDOWS (0fa6fa7508dbe497623527a779572cdf)] -> css selector: a.btn.btn-primary]
2023-05-16 23:05:190 INFO  CheckoutPage :77 - Verify the text “Checkout” [[ChromeDriver: chrome on WINDOWS (0fa6fa7508dbe497623527a779572cdf)] -> xpath: //div[@id='content']/h1]
2023-05-16 23:05:724 INFO  CheckoutPage :83 - Verify the Text “New Customer” [[ChromeDriver: chrome on WINDOWS (0fa6fa7508dbe497623527a779572cdf)] -> xpath: //h2[contains(text(),'New Customer')]]
2023-05-16 23:05:309 INFO  CheckoutPage :90 - Click on “Guest Checkout” radio button [[ChromeDriver: chrome on WINDOWS (0fa6fa7508dbe497623527a779572cdf)] -> xpath: //input[@value='guest']]
2023-05-16 23:05:358 INFO  CheckoutPage :96 - Click on “Continue” tab [[ChromeDriver: chrome on WINDOWS (0fa6fa7508dbe497623527a779572cdf)] -> xpath: //input[@id='button-account']]
2023-05-16 23:05:790 INFO  CheckoutPage :102 - Enter firstname Bhavisha to firstname field [[ChromeDriver: chrome on WINDOWS (0fa6fa7508dbe497623527a779572cdf)] -> id: input-payment-firstname]
2023-05-16 23:05:878 INFO  CheckoutPage :108 - Enter lastname Patel to lastname field [[ChromeDriver: chrome on WINDOWS (0fa6fa7508dbe497623527a779572cdf)] -> id: input-payment-lastname]
2023-05-16 23:05:29 INFO  CheckoutPage :114 - Enter email bhavisha to email field [[ChromeDriver: chrome on WINDOWS (0fa6fa7508dbe497623527a779572cdf)] -> id: input-payment-email]
2023-05-16 23:05:130 INFO  CheckoutPage :120 - Enter phoneNumber 01234567890 to phoneNumber field [[ChromeDriver: chrome on WINDOWS (0fa6fa7508dbe497623527a779572cdf)] -> id: input-payment-telephone]
2023-05-16 23:05:209 INFO  CheckoutPage :126 - Enter address Line 1 129 pinner road to address field [[ChromeDriver: chrome on WINDOWS (0fa6fa7508dbe497623527a779572cdf)] -> id: input-payment-address-1]
2023-05-16 23:05:276 INFO  CheckoutPage :132 - Enter city London to city field [[ChromeDriver: chrome on WINDOWS (0fa6fa7508dbe497623527a779572cdf)] -> id: input-payment-city]
2023-05-16 23:05:338 INFO  CheckoutPage :138 - Enter postcode N1 1AD to postcode field [[ChromeDriver: chrome on WINDOWS (0fa6fa7508dbe497623527a779572cdf)] -> id: input-payment-postcode]
2023-05-16 23:05:389 INFO  CheckoutPage :144 - Select country United Kingdom to country field [[ChromeDriver: chrome on WINDOWS (0fa6fa7508dbe497623527a779572cdf)] -> id: input-payment-country]
2023-05-16 23:05:463 INFO  CheckoutPage :151 - Select state Kent to state field [[ChromeDriver: chrome on WINDOWS (0fa6fa7508dbe497623527a779572cdf)] -> id: input-payment-zone]
2023-05-16 23:05:512 INFO  CheckoutPage :157 -  Click on continue button [[ChromeDriver: chrome on WINDOWS (0fa6fa7508dbe497623527a779572cdf)] -> id: button-guest]
2023-05-16 23:05:412 INFO  CheckoutPage :163 - Enter comments Nothing to Say! in to text area [[ChromeDriver: chrome on WINDOWS (0fa6fa7508dbe497623527a779572cdf)] -> xpath: //textarea[@name='comment']]
2023-05-16 23:05:548 INFO  CheckoutPage :169 -  Check the Terms & Conditions check box [[ChromeDriver: chrome on WINDOWS (0fa6fa7508dbe497623527a779572cdf)] -> xpath: //body/div[@id='checkout-checkout']/div[1]/div[1]/div[1]/div[3]/div[2]/div[1]/div[2]/div[1]/input[1]]
2023-05-16 23:05:638 INFO  CheckoutPage :175 - Click on “Continue” button [[ChromeDriver: chrome on WINDOWS (0fa6fa7508dbe497623527a779572cdf)] -> id: button-payment-method]
2023-05-16 23:05:763 INFO  CheckoutPage :180 - Verify the message “Warning: Payment method required!” [[ChromeDriver: chrome on WINDOWS (0fa6fa7508dbe497623527a779572cdf)] -> xpath: //div[@class='alert alert-danger alert-dismissible']]
2023-05-16 23:05:695 INFO  HomePage :129 - Select Login from myAccount drop down list [[[ChromeDriver: chrome on WINDOWS (072f5601309b4aafe3f4c6fcbe1f8600)] -> xpath: //ul[@class='dropdown-menu dropdown-menu-right']/li], [[ChromeDriver: chrome on WINDOWS (072f5601309b4aafe3f4c6fcbe1f8600)] -> xpath: //ul[@class='dropdown-menu dropdown-menu-right']/li]]
2023-05-16 23:05:723 INFO  LoginPage :36 - Verify the text “Returning Customer” [[ChromeDriver: chrome on WINDOWS (072f5601309b4aafe3f4c6fcbe1f8600)] -> xpath: //h2[contains(text(),'Returning Customer')]]
2023-05-16 23:05:706 INFO  HomePage :129 - Select Login from myAccount drop down list [[[ChromeDriver: chrome on WINDOWS (de73009945d6486ead1fbddaf5cd80ba)] -> xpath: //ul[@class='dropdown-menu dropdown-menu-right']/li], [[ChromeDriver: chrome on WINDOWS (de73009945d6486ead1fbddaf5cd80ba)] -> xpath: //ul[@class='dropdown-menu dropdown-menu-right']/li]]
2023-05-16 23:05:855 INFO  LoginPage :43 - Enter email iampatel@gmail.comto email field [[ChromeDriver: chrome on WINDOWS (de73009945d6486ead1fbddaf5cd80ba)] -> id: input-email]
2023-05-16 23:05:965 INFO  LoginPage :49 - Enter password HelloNum1to password field [[ChromeDriver: chrome on WINDOWS (de73009945d6486ead1fbddaf5cd80ba)] -> id: input-password]
2023-05-16 23:05:546 INFO  LoginPage :55 - Clicking on Login Button [[ChromeDriver: chrome on WINDOWS (de73009945d6486ead1fbddaf5cd80ba)] -> xpath: //input[@value='Login']]
2023-05-16 23:05:572 INFO  LoginPage :60 - Verify text “My Account” [[ChromeDriver: chrome on WINDOWS (de73009945d6486ead1fbddaf5cd80ba)] -> xpath: //h2[text()='My Account']]
2023-05-16 23:05:259 INFO  HomePage :129 - Select Logout from myAccount drop down list [[[ChromeDriver: chrome on WINDOWS (de73009945d6486ead1fbddaf5cd80ba)] -> xpath: //ul[@class='dropdown-menu dropdown-menu-right']/li], [[ChromeDriver: chrome on WINDOWS (de73009945d6486ead1fbddaf5cd80ba)] -> xpath: //ul[@class='dropdown-menu dropdown-menu-right']/li], [[ChromeDriver: chrome on WINDOWS (de73009945d6486ead1fbddaf5cd80ba)] -> xpath: //ul[@class='dropdown-menu dropdown-menu-right']/li], [[ChromeDriver: chrome on WINDOWS (de73009945d6486ead1fbddaf5cd80ba)] -> xpath: //ul[@class='dropdown-menu dropdown-menu-right']/li], [[ChromeDriver: chrome on WINDOWS (de73009945d6486ead1fbddaf5cd80ba)] -> xpath: //ul[@class='dropdown-menu dropdown-menu-right']/li]]
2023-05-16 23:05:287 INFO  LogoutPage :28 - Verify text "Account Logout" [[ChromeDriver: chrome on WINDOWS (de73009945d6486ead1fbddaf5cd80ba)] -> xpath: //h1[text()='Account Logout']]
2023-05-16 23:05:861 INFO  LogoutPage :34 - Clicking on Continue Button [[ChromeDriver: chrome on WINDOWS (de73009945d6486ead1fbddaf5cd80ba)] -> xpath: //a[contains(text(),'Continue')]]
2023-05-16 23:05:877 INFO  HomePage :129 - Select Register from myAccount drop down list [[[ChromeDriver: chrome on WINDOWS (ba771219a787951ba07eb5f7668dae15)] -> xpath: //ul[@class='dropdown-menu dropdown-menu-right']/li], [[ChromeDriver: chrome on WINDOWS (ba771219a787951ba07eb5f7668dae15)] -> xpath: //ul[@class='dropdown-menu dropdown-menu-right']/li]]
2023-05-16 23:05:897 INFO  RegisterPage :59 - Verify the text “Register Account”. [[ChromeDriver: chrome on WINDOWS (ba771219a787951ba07eb5f7668dae15)] -> xpath: //h1[contains(text(),'Register Account')]]
2023-05-16 23:05:645 INFO  HomePage :75 - Mouse hover on “Desktops” Tab and click [[ChromeDriver: chrome on WINDOWS (6f35dbb1030a671ac9b2bd1893e2c861)] -> link text: Desktops]
2023-05-16 23:05:713 INFO  HomePage :69 - Click Show All Desktops from homepage Top menu  []
2023-05-16 23:05:737 INFO  DesktopPage :40 - Verify the text ‘Desktops’[[ChromeDriver: chrome on WINDOWS (6f35dbb1030a671ac9b2bd1893e2c861)] -> xpath: //h2[contains(text(),'Desktops')]]
2023-05-16 23:05:834 INFO  HomePage :81 - Mouse hover on “Laptops & Notebooks” Tab and click [[ChromeDriver: chrome on WINDOWS (d23b8a4090a4970097c632b64302f70d)] -> link text: Laptops & Notebooks]
2023-05-16 23:05:888 INFO  HomePage :69 - Click Show All Laptops & Notebooks from homepage Top menu  []
2023-05-16 23:05:922 INFO  LaptopAndNotebookPage :40 - Verify the text ‘Laptops & Notebooks’ [[ChromeDriver: chrome on WINDOWS (d23b8a4090a4970097c632b64302f70d)] -> xpath: //h2[contains(text(),'Laptops & Notebooks')]]
2023-05-16 23:05:260 INFO  HomePage :87 -  Mouse hover on “Components” Tab and click [[ChromeDriver: chrome on WINDOWS (ce085d1507b5b9fcec4a39deefd67cd9)] -> link text: Components]
2023-05-16 23:05:343 INFO  HomePage :69 - Click Show All Components from homepage Top menu  []
2023-05-16 23:05:415 INFO  HomePage :75 - Mouse hover on “Desktops” Tab and click [[ChromeDriver: chrome on WINDOWS (3126ff8f2da938cf70ef685426d32a19)] -> link text: Desktops]
2023-05-16 23:05:792 INFO  HomePage :94 - Click on Show All Desktop tab [[ChromeDriver: chrome on WINDOWS (3126ff8f2da938cf70ef685426d32a19)] -> xpath: //a[normalize-space()='Show AllDesktops']]
2023-05-16 23:05:867 INFO  DesktopPage :46 - Click on sort by position [[ChromeDriver: chrome on WINDOWS (3126ff8f2da938cf70ef685426d32a19)] -> id: input-sort]
2023-05-16 23:05:715 INFO  DesktopPage :75 - Select option product sorted by Name (Z - A)from sort by options [[ChromeDriver: chrome on WINDOWS (3126ff8f2da938cf70ef685426d32a19)] -> id: input-sort]
2023-05-16 23:05:26 INFO  HomePage :75 - Mouse hover on “Desktops” Tab and click [[ChromeDriver: chrome on WINDOWS (0aa37b1ed0d70d1c2fb2e98cc9f46f67)] -> link text: Desktops]
2023-05-16 23:05:438 INFO  HomePage :94 - Click on Show All Desktop tab [[ChromeDriver: chrome on WINDOWS (0aa37b1ed0d70d1c2fb2e98cc9f46f67)] -> xpath: //a[normalize-space()='Show AllDesktops']]
2023-05-16 23:05:517 INFO  HomePage :106 - Clicking on Currency on top of page [[ChromeDriver: chrome on WINDOWS (0aa37b1ed0d70d1c2fb2e98cc9f46f67)] -> xpath: //span[normalize-space()='Currency']]
2023-05-16 23:05:74 INFO  HomePage :114 - Select £Pound Sterling from currency drop down list [[[ChromeDriver: chrome on WINDOWS (0aa37b1ed0d70d1c2fb2e98cc9f46f67)] -> xpath: //ul[@class = 'dropdown-menu']/li], [[ChromeDriver: chrome on WINDOWS (0aa37b1ed0d70d1c2fb2e98cc9f46f67)] -> xpath: //ul[@class = 'dropdown-menu']/li], [[ChromeDriver: chrome on WINDOWS (0aa37b1ed0d70d1c2fb2e98cc9f46f67)] -> xpath: //ul[@class = 'dropdown-menu']/li]]
2023-05-16 23:05:666 INFO  DesktopPage :75 - Select option product sorted by Name (A - Z)from sort by options [[ChromeDriver: chrome on WINDOWS (0aa37b1ed0d70d1c2fb2e98cc9f46f67)] -> id: input-sort]
2023-05-16 23:05:951 INFO  DesktopPage :80 - Clicking on HP LP3065 [[ChromeDriver: chrome on WINDOWS (0aa37b1ed0d70d1c2fb2e98cc9f46f67)] -> xpath: //a[contains(text(),'HP LP3065')]]
2023-05-16 23:05:972 INFO  ProductPage :53 - Verify the Text "HP LP3065" [[ChromeDriver: chrome on WINDOWS (0aa37b1ed0d70d1c2fb2e98cc9f46f67)] -> xpath: //a[contains(text(),'HP LP3065')]]
2023-05-16 23:05:91 INFO  ProductPage :59 - Select 2022November30 to date field [[ChromeDriver: chrome on WINDOWS (0aa37b1ed0d70d1c2fb2e98cc9f46f67)] -> xpath: //div[@class = 'input-group date']//button]
2023-05-16 23:05:381 INFO  ProductPage :83 - Enter Qty 1 to quantity field [[ChromeDriver: chrome on WINDOWS (0aa37b1ed0d70d1c2fb2e98cc9f46f67)] -> xpath: //input[@id='input-quantity']]
2023-05-16 23:05:102 INFO  ProductPage :88 - Clicking on Login Button [[ChromeDriver: chrome on WINDOWS (0aa37b1ed0d70d1c2fb2e98cc9f46f67)] -> xpath: //button[@id='button-cart']]
2023-05-16 23:05:631 INFO  ProductPage :92 - Verify the Message “Success: You have added HP LP3065 to your shopping cart!” [[ChromeDriver: chrome on WINDOWS (0aa37b1ed0d70d1c2fb2e98cc9f46f67)] -> xpath: //div[@class='alert alert-success alert-dismissible']]
2023-05-16 23:05:903 INFO  ProductPage :98 - Click on link “shopping cart” display into success message [[ChromeDriver: chrome on WINDOWS (0aa37b1ed0d70d1c2fb2e98cc9f46f67)] -> xpath: //a[contains(text(),'shopping cart')]]
2023-05-16 23:05:926 INFO  ShoppingCartPage :48 -  Verify the text Shopping Cart [[ChromeDriver: chrome on WINDOWS (0aa37b1ed0d70d1c2fb2e98cc9f46f67)] -> xpath: //div[@id='content']//h1]
2023-05-16 23:05:971 INFO  ShoppingCartPage :53 - Verify the Product name HP LP3065 [[ChromeDriver: chrome on WINDOWS (0aa37b1ed0d70d1c2fb2e98cc9f46f67)] -> xpath: //div[@class = 'table-responsive']/table/tbody/tr/td[2]/a]
2023-05-16 23:05:995 INFO  ShoppingCartPage :58 - Verify the Delivery Date 2022-11-30 [[ChromeDriver: chrome on WINDOWS (0aa37b1ed0d70d1c2fb2e98cc9f46f67)] -> xpath: //div[@class = 'table-responsive']/table/tbody/tr/td[2]/small[1]]
2023-05-16 23:05:15 INFO  ShoppingCartPage :63 - Verify the Model Product21 [[ChromeDriver: chrome on WINDOWS (0aa37b1ed0d70d1c2fb2e98cc9f46f67)] -> xpath: //div[@class = 'table-responsive']/table/tbody/tr/td[3]]
2023-05-16 23:05:36 INFO  ShoppingCartPage :68 - Verify the Total £74.73 [[ChromeDriver: chrome on WINDOWS (0aa37b1ed0d70d1c2fb2e98cc9f46f67)] -> xpath: //div[@class = 'table-responsive']/table/tbody/tr/td[6]]
2023-05-16 23:05:96 INFO  HomePage :81 - Mouse hover on “Laptops & Notebooks” Tab and click [[ChromeDriver: chrome on WINDOWS (c9fa2ccb5b74bf219b0f2ebf4a640e2e)] -> link text: Laptops & Notebooks]
2023-05-16 23:05:472 INFO  HomePage :100 - Click on Show All LaptopAndNotebook Tab [[ChromeDriver: chrome on WINDOWS (c9fa2ccb5b74bf219b0f2ebf4a640e2e)] -> xpath: //a[normalize-space()='Show AllLaptops & Notebooks']]
2023-05-16 23:05:566 INFO  DesktopPage :46 - Click on sort by position [[ChromeDriver: chrome on WINDOWS (c9fa2ccb5b74bf219b0f2ebf4a640e2e)] -> id: input-sort]
2023-05-16 23:05:983 INFO  DesktopPage :75 - Select option product sorted by Price (High > Low)from sort by options [[ChromeDriver: chrome on WINDOWS (c9fa2ccb5b74bf219b0f2ebf4a640e2e)] -> id: input-sort]
2023-05-16 23:05:70 INFO  LaptopAndNotebookPage :64 - Verify Product sorted  price High to low [[[ChromeDriver: chrome on WINDOWS (c9fa2ccb5b74bf219b0f2ebf4a640e2e)] -> xpath: //p[@class ='price']], [[ChromeDriver: chrome on WINDOWS (c9fa2ccb5b74bf219b0f2ebf4a640e2e)] -> xpath: //p[@class ='price']], [[ChromeDriver: chrome on WINDOWS (c9fa2ccb5b74bf219b0f2ebf4a640e2e)] -> xpath: //p[@class ='price']], [[ChromeDriver: chrome on WINDOWS (c9fa2ccb5b74bf219b0f2ebf4a640e2e)] -> xpath: //p[@class ='price']], [[ChromeDriver: chrome on WINDOWS (c9fa2ccb5b74bf219b0f2ebf4a640e2e)] -> xpath: //p[@class ='price']]]
2023-05-16 23:05:130 INFO  LaptopAndNotebookPage :64 - Verify Product sorted  price High to low [[[ChromeDriver: chrome on WINDOWS (c9fa2ccb5b74bf219b0f2ebf4a640e2e)] -> xpath: //p[@class ='price']], [[ChromeDriver: chrome on WINDOWS (c9fa2ccb5b74bf219b0f2ebf4a640e2e)] -> xpath: //p[@class ='price']], [[ChromeDriver: chrome on WINDOWS (c9fa2ccb5b74bf219b0f2ebf4a640e2e)] -> xpath: //p[@class ='price']], [[ChromeDriver: chrome on WINDOWS (c9fa2ccb5b74bf219b0f2ebf4a640e2e)] -> xpath: //p[@class ='price']], [[ChromeDriver: chrome on WINDOWS (c9fa2ccb5b74bf219b0f2ebf4a640e2e)] -> xpath: //p[@class ='price']]]
2023-05-16 23:05:53 INFO  HomePage :81 - Mouse hover on “Laptops & Notebooks” Tab and click [[ChromeDriver: chrome on WINDOWS (dcf18f644bc3c54a1036f79d4c8de1d0)] -> link text: Laptops & Notebooks]
2023-05-16 23:05:481 INFO  HomePage :100 - Click on Show All LaptopAndNotebook Tab [[ChromeDriver: chrome on WINDOWS (dcf18f644bc3c54a1036f79d4c8de1d0)] -> xpath: //a[normalize-space()='Show AllLaptops & Notebooks']]
2023-05-16 23:05:555 INFO  HomePage :106 - Clicking on Currency on top of page [[ChromeDriver: chrome on WINDOWS (dcf18f644bc3c54a1036f79d4c8de1d0)] -> xpath: //span[normalize-space()='Currency']]
2023-05-16 23:05:132 INFO  HomePage :114 - Select £Pound Sterling from currency drop down list [[[ChromeDriver: chrome on WINDOWS (dcf18f644bc3c54a1036f79d4c8de1d0)] -> xpath: //ul[@class = 'dropdown-menu']/li], [[ChromeDriver: chrome on WINDOWS (dcf18f644bc3c54a1036f79d4c8de1d0)] -> xpath: //ul[@class = 'dropdown-menu']/li], [[ChromeDriver: chrome on WINDOWS (dcf18f644bc3c54a1036f79d4c8de1d0)] -> xpath: //ul[@class = 'dropdown-menu']/li]]
2023-05-16 23:05:557 INFO  DesktopPage :75 - Select option product sorted by Price (High > Low)from sort by options [[ChromeDriver: chrome on WINDOWS (dcf18f644bc3c54a1036f79d4c8de1d0)] -> id: input-sort]
2023-05-16 23:05:88 INFO  LaptopAndNotebookPage :81 - Select Macbook[[ChromeDriver: chrome on WINDOWS (dcf18f644bc3c54a1036f79d4c8de1d0)] -> link text: MacBook]
2023-05-16 23:05:107 INFO  ProductPage :102 - Verify text MacBook [[ChromeDriver: chrome on WINDOWS (dcf18f644bc3c54a1036f79d4c8de1d0)] -> xpath: //h1[contains(text(),'MacBook')]]
2023-05-16 23:05:781 INFO  ProductPage :88 - Clicking on Login Button [[ChromeDriver: chrome on WINDOWS (dcf18f644bc3c54a1036f79d4c8de1d0)] -> xpath: //button[@id='button-cart']]
2023-05-16 23:05:308 INFO  ProductPage :92 - Verify the Message “Success: You have added HP LP3065 to your shopping cart!” [[ChromeDriver: chrome on WINDOWS (dcf18f644bc3c54a1036f79d4c8de1d0)] -> xpath: //div[@class='alert alert-success alert-dismissible']]
2023-05-16 23:05:298 INFO  ProductPage :98 - Click on link “shopping cart” display into success message [[ChromeDriver: chrome on WINDOWS (dcf18f644bc3c54a1036f79d4c8de1d0)] -> xpath: //a[contains(text(),'shopping cart')]]
2023-05-16 23:05:322 INFO  ShoppingCartPage :48 -  Verify the text Shopping Cart [[ChromeDriver: chrome on WINDOWS (dcf18f644bc3c54a1036f79d4c8de1d0)] -> xpath: //div[@id='content']//h1]
2023-05-16 23:05:358 INFO  ShoppingCartPage :53 - Verify the Product name HP LP3065 [[ChromeDriver: chrome on WINDOWS (dcf18f644bc3c54a1036f79d4c8de1d0)] -> xpath: //div[@class = 'table-responsive']/table/tbody/tr/td[2]/a]
2023-05-16 23:05:502 INFO  ShoppingCartPage :75 - Change Quantity 2 to quantity field [[ChromeDriver: chrome on WINDOWS (dcf18f644bc3c54a1036f79d4c8de1d0)] -> xpath: //div[@class='input-group btn-block']/input[@type='text']]
2023-05-16 23:05:150 INFO  ShoppingCartPage :80 -  Click on “Update” Tab [[ChromeDriver: chrome on WINDOWS (dcf18f644bc3c54a1036f79d4c8de1d0)] -> xpath: //i[@class = 'fa fa-refresh']]
2023-05-16 23:05:183 INFO  ShoppingCartPage :84 - Getting welcome back text [[ChromeDriver: chrome on WINDOWS (dcf18f644bc3c54a1036f79d4c8de1d0)] -> xpath: //div[@id='checkout-cart']/div[1]]
2023-05-16 23:05:219 INFO  ShoppingCartPage :68 - Verify the Total £74.73 [[ChromeDriver: chrome on WINDOWS (dcf18f644bc3c54a1036f79d4c8de1d0)] -> xpath: //div[@class = 'table-responsive']/table/tbody/tr/td[6]]
2023-05-16 23:05:585 INFO  ShoppingCartPage :90 - Click on “Checkout” button [[ChromeDriver: chrome on WINDOWS (dcf18f644bc3c54a1036f79d4c8de1d0)] -> css selector: a.btn.btn-primary]
2023-05-16 23:05:610 INFO  CheckoutPage :77 - Verify the text “Checkout” [[ChromeDriver: chrome on WINDOWS (dcf18f644bc3c54a1036f79d4c8de1d0)] -> xpath: //div[@id='content']/h1]
2023-05-16 23:05:150 INFO  CheckoutPage :83 - Verify the Text “New Customer” [[ChromeDriver: chrome on WINDOWS (dcf18f644bc3c54a1036f79d4c8de1d0)] -> xpath: //h2[contains(text(),'New Customer')]]
2023-05-16 23:05:745 INFO  CheckoutPage :90 - Click on “Guest Checkout” radio button [[ChromeDriver: chrome on WINDOWS (dcf18f644bc3c54a1036f79d4c8de1d0)] -> xpath: //input[@value='guest']]
2023-05-16 23:05:834 INFO  CheckoutPage :96 - Click on “Continue” tab [[ChromeDriver: chrome on WINDOWS (dcf18f644bc3c54a1036f79d4c8de1d0)] -> xpath: //input[@id='button-account']]
2023-05-16 23:05:165 INFO  CheckoutPage :102 - Enter firstname Bhavisha to firstname field [[ChromeDriver: chrome on WINDOWS (dcf18f644bc3c54a1036f79d4c8de1d0)] -> id: input-payment-firstname]
2023-05-16 23:05:300 INFO  CheckoutPage :108 - Enter lastname Patel to lastname field [[ChromeDriver: chrome on WINDOWS (dcf18f644bc3c54a1036f79d4c8de1d0)] -> id: input-payment-lastname]
2023-05-16 23:05:415 INFO  CheckoutPage :114 - Enter email bhavisha to email field [[ChromeDriver: chrome on WINDOWS (dcf18f644bc3c54a1036f79d4c8de1d0)] -> id: input-payment-email]
2023-05-16 23:05:488 INFO  CheckoutPage :120 - Enter phoneNumber 01234567890 to phoneNumber field [[ChromeDriver: chrome on WINDOWS (dcf18f644bc3c54a1036f79d4c8de1d0)] -> id: input-payment-telephone]
2023-05-16 23:05:573 INFO  CheckoutPage :126 - Enter address Line 1 129 pinner road to address field [[ChromeDriver: chrome on WINDOWS (dcf18f644bc3c54a1036f79d4c8de1d0)] -> id: input-payment-address-1]
2023-05-16 23:05:651 INFO  CheckoutPage :132 - Enter city London to city field [[ChromeDriver: chrome on WINDOWS (dcf18f644bc3c54a1036f79d4c8de1d0)] -> id: input-payment-city]
2023-05-16 23:05:719 INFO  CheckoutPage :138 - Enter postcode N1 1AD to postcode field [[ChromeDriver: chrome on WINDOWS (dcf18f644bc3c54a1036f79d4c8de1d0)] -> id: input-payment-postcode]
2023-05-16 23:05:786 INFO  CheckoutPage :144 - Select country United Kingdom to country field [[ChromeDriver: chrome on WINDOWS (dcf18f644bc3c54a1036f79d4c8de1d0)] -> id: input-payment-country]
2023-05-16 23:05:877 INFO  CheckoutPage :151 - Select state Kent to state field [[ChromeDriver: chrome on WINDOWS (dcf18f644bc3c54a1036f79d4c8de1d0)] -> id: input-payment-zone]
2023-05-16 23:05:945 INFO  CheckoutPage :157 -  Click on continue button [[ChromeDriver: chrome on WINDOWS (dcf18f644bc3c54a1036f79d4c8de1d0)] -> id: button-guest]
2023-05-16 23:05:552 INFO  CheckoutPage :163 - Enter comments Nothing to Say! in to text area [[ChromeDriver: chrome on WINDOWS (dcf18f644bc3c54a1036f79d4c8de1d0)] -> xpath: //textarea[@name='comment']]
2023-05-16 23:05:643 INFO  CheckoutPage :169 -  Check the Terms & Conditions check box [[ChromeDriver: chrome on WINDOWS (dcf18f644bc3c54a1036f79d4c8de1d0)] -> xpath: //body/div[@id='checkout-checkout']/div[1]/div[1]/div[1]/div[3]/div[2]/div[1]/div[2]/div[1]/input[1]]
2023-05-16 23:05:767 INFO  CheckoutPage :175 - Click on “Continue” button [[ChromeDriver: chrome on WINDOWS (dcf18f644bc3c54a1036f79d4c8de1d0)] -> id: button-payment-method]
2023-05-16 23:05:881 INFO  CheckoutPage :180 - Verify the message “Warning: Payment method required!” [[ChromeDriver: chrome on WINDOWS (dcf18f644bc3c54a1036f79d4c8de1d0)] -> xpath: //div[@class='alert alert-danger alert-dismissible']]
2023-05-16 23:05:586 INFO  HomePage :129 - Select Login from myAccount drop down list [[[ChromeDriver: chrome on WINDOWS (dc6c25c2688ddd63ad31c45d8e976475)] -> xpath: //ul[@class='dropdown-menu dropdown-menu-right']/li], [[ChromeDriver: chrome on WINDOWS (dc6c25c2688ddd63ad31c45d8e976475)] -> xpath: //ul[@class='dropdown-menu dropdown-menu-right']/li]]
2023-05-16 23:05:616 INFO  LoginPage :36 - Verify the text “Returning Customer” [[ChromeDriver: chrome on WINDOWS (dc6c25c2688ddd63ad31c45d8e976475)] -> xpath: //h2[contains(text(),'Returning Customer')]]
2023-05-16 23:05:294 INFO  HomePage :129 - Select Login from myAccount drop down list [[[ChromeDriver: chrome on WINDOWS (7af7c6e93bd5d8ce78db70217f62b3a6)] -> xpath: //ul[@class='dropdown-menu dropdown-menu-right']/li], [[ChromeDriver: chrome on WINDOWS (7af7c6e93bd5d8ce78db70217f62b3a6)] -> xpath: //ul[@class='dropdown-menu dropdown-menu-right']/li]]
2023-05-16 23:05:423 INFO  LoginPage :43 - Enter email Axipatel@gmail.comto email field [[ChromeDriver: chrome on WINDOWS (7af7c6e93bd5d8ce78db70217f62b3a6)] -> id: input-email]
2023-05-16 23:05:514 INFO  LoginPage :49 - Enter password Abcd1to password field [[ChromeDriver: chrome on WINDOWS (7af7c6e93bd5d8ce78db70217f62b3a6)] -> id: input-password]
2023-05-16 23:05:852 INFO  LoginPage :55 - Clicking on Login Button [[ChromeDriver: chrome on WINDOWS (7af7c6e93bd5d8ce78db70217f62b3a6)] -> xpath: //input[@value='Login']]
2023-05-16 23:05:960 INFO  LoginPage :60 - Verify text “My Account” Proxy element for: DefaultElementLocator 'By.xpath: //h2[text()='My Account']'
2023-05-16 23:05:137 INFO  HomePage :129 - Select Register from myAccount drop down list [[[ChromeDriver: chrome on WINDOWS (ee09cd3d1d09b21679f5a634659d2972)] -> xpath: //ul[@class='dropdown-menu dropdown-menu-right']/li], [[ChromeDriver: chrome on WINDOWS (ee09cd3d1d09b21679f5a634659d2972)] -> xpath: //ul[@class='dropdown-menu dropdown-menu-right']/li]]
2023-05-16 23:05:159 INFO  RegisterPage :59 - Verify the text “Register Account”. [[ChromeDriver: chrome on WINDOWS (ee09cd3d1d09b21679f5a634659d2972)] -> xpath: //h1[contains(text(),'Register Account')]]
2023-05-16 23:05:84 INFO  HomePage :129 - Select Register from myAccount drop down list [[[ChromeDriver: chrome on WINDOWS (2507968a7a534c191097cbdb541dd1b4)] -> xpath: //ul[@class='dropdown-menu dropdown-menu-right']/li], [[ChromeDriver: chrome on WINDOWS (2507968a7a534c191097cbdb541dd1b4)] -> xpath: //ul[@class='dropdown-menu dropdown-menu-right']/li]]
2023-05-16 23:05:183 INFO  RegisterPage :65 - Enter Firstname Iama to Firstname field [[ChromeDriver: chrome on WINDOWS (2507968a7a534c191097cbdb541dd1b4)] -> id: input-firstname]
2023-05-16 23:05:272 INFO  RegisterPage :70 - Enter Lastname Patel to Lastname field [[ChromeDriver: chrome on WINDOWS (2507968a7a534c191097cbdb541dd1b4)] -> id: input-lastname]
2023-05-16 23:05:382 INFO  RegisterPage :75 - Enter email patelAQjh@gmail.com to email field [[ChromeDriver: chrome on WINDOWS (2507968a7a534c191097cbdb541dd1b4)] -> id: input-email]
2023-05-16 23:05:477 INFO  RegisterPage :80 - Enter Telephone 01234567890 to Telephone field [[ChromeDriver: chrome on WINDOWS (2507968a7a534c191097cbdb541dd1b4)] -> id: input-telephone]
2023-05-16 23:05:556 INFO  RegisterPage :85 - Enter Password Hellonum1 to Password field [[ChromeDriver: chrome on WINDOWS (2507968a7a534c191097cbdb541dd1b4)] -> id: input-password]
2023-05-16 23:05:639 INFO  RegisterPage :90 - Enter ConfirmPassword Hellonum1 to ConfirmPassword field [[ChromeDriver: chrome on WINDOWS (2507968a7a534c191097cbdb541dd1b4)] -> id: input-confirm]
2023-05-16 23:05:676 INFO  RegisterPage :102 - Select Subscribe Yes radio button [[[ChromeDriver: chrome on WINDOWS (2507968a7a534c191097cbdb541dd1b4)] -> xpath: //fieldset[3]//input], [[ChromeDriver: chrome on WINDOWS (2507968a7a534c191097cbdb541dd1b4)] -> xpath: //fieldset[3]//input]]
2023-05-16 23:05:737 INFO  RegisterPage :107 - Click on Privacy Policy check box [[ChromeDriver: chrome on WINDOWS (2507968a7a534c191097cbdb541dd1b4)] -> xpath: //input[@name='agree']]
2023-05-16 23:05:150 INFO  RegisterPage :112 - Clicking on Continue Button [[ChromeDriver: chrome on WINDOWS (2507968a7a534c191097cbdb541dd1b4)] -> xpath: //input[@type='submit']]
2023-05-16 23:05:176 INFO  RegisterPage :116 - Verify the message “Your Account Has Been Created!” [[ChromeDriver: chrome on WINDOWS (2507968a7a534c191097cbdb541dd1b4)] -> xpath: //h1[text()='Your Account Has Been Created!']]
2023-05-16 23:05:511 INFO  RegisterPage :122 - Clicking on Continue Button [[ChromeDriver: chrome on WINDOWS (2507968a7a534c191097cbdb541dd1b4)] -> xpath: //a[text()='Continue']]
2023-05-16 23:05:93 INFO  HomePage :129 - Select Logout from myAccount drop down list [[[ChromeDriver: chrome on WINDOWS (2507968a7a534c191097cbdb541dd1b4)] -> xpath: //ul[@class='dropdown-menu dropdown-menu-right']/li], [[ChromeDriver: chrome on WINDOWS (2507968a7a534c191097cbdb541dd1b4)] -> xpath: //ul[@class='dropdown-menu dropdown-menu-right']/li], [[ChromeDriver: chrome on WINDOWS (2507968a7a534c191097cbdb541dd1b4)] -> xpath: //ul[@class='dropdown-menu dropdown-menu-right']/li], [[ChromeDriver: chrome on WINDOWS (2507968a7a534c191097cbdb541dd1b4)] -> xpath: //ul[@class='dropdown-menu dropdown-menu-right']/li], [[ChromeDriver: chrome on WINDOWS (2507968a7a534c191097cbdb541dd1b4)] -> xpath: //ul[@class='dropdown-menu dropdown-menu-right']/li]]
2023-05-16 23:05:115 INFO  LogoutPage :28 - Verify text "Account Logout" [[ChromeDriver: chrome on WINDOWS (2507968a7a534c191097cbdb541dd1b4)] -> xpath: //h1[text()='Account Logout']]
2023-05-16 23:05:465 INFO  LogoutPage :34 - Clicking on Continue Button [[ChromeDriver: chrome on WINDOWS (2507968a7a534c191097cbdb541dd1b4)] -> xpath: //a[contains(text(),'Continue')]]
2023-05-16 23:05:727 INFO  HomePage :75 - Mouse hover on “Desktops” Tab and click [[ChromeDriver: chrome on WINDOWS (3700af117fea7b4744db8690bc5e64ac)] -> link text: Desktops]
2023-05-16 23:05:795 INFO  HomePage :69 - Click Show All Desktops from homepage Top menu  []
2023-05-16 23:05:828 INFO  DesktopPage :40 - Verify the text ‘Desktops’[[ChromeDriver: chrome on WINDOWS (3700af117fea7b4744db8690bc5e64ac)] -> xpath: //h2[contains(text(),'Desktops')]]
2023-05-16 23:05:692 INFO  HomePage :81 - Mouse hover on “Laptops & Notebooks” Tab and click [[ChromeDriver: chrome on WINDOWS (a3488b1dfac8ff1ee04724ecd3099aab)] -> link text: Laptops & Notebooks]
2023-05-16 23:05:759 INFO  HomePage :69 - Click Show All Laptops & Notebooks from homepage Top menu  []
2023-05-16 23:05:791 INFO  LaptopAndNotebookPage :40 - Verify the text ‘Laptops & Notebooks’ [[ChromeDriver: chrome on WINDOWS (a3488b1dfac8ff1ee04724ecd3099aab)] -> xpath: //h2[contains(text(),'Laptops & Notebooks')]]
2023-05-16 23:05:541 INFO  HomePage :87 -  Mouse hover on “Components” Tab and click [[ChromeDriver: chrome on WINDOWS (0b50d55c7551ba54a68006c695905f25)] -> link text: Components]
2023-05-16 23:05:610 INFO  HomePage :69 - Click Show All Components from homepage Top menu  []
